{
  "RSpec": {
    "coverage": {
      "/Users/harveyenrile/projects/treebook/app/models/user.rb": [
        1,
        null,
        null,
        null,
        1,
        null,
        null,
        null,
        null,
        1,
        null,
        null,
        1,
        1,
        1,
        null,
        null,
        null,
        1,
        null,
        1,
        1,
        null,
        null,
        null
      ],
      "/Users/harveyenrile/projects/treebook/app/controllers/application_controller.rb": [
        1,
        1,
        null
      ],
      "/Users/harveyenrile/projects/treebook/app/helpers/application_helper.rb": [
        1,
        1,
        0,
        null,
        0,
        null,
        0,
        null,
        0,
        null,
        null,
        null
      ],
      "/Users/harveyenrile/projects/treebook/app/helpers/statuses_helper.rb": [
        1,
        null
      ],
      "/Users/harveyenrile/projects/treebook/app/controllers/statuses_controller.rb": [
        1,
        null,
        null,
        1,
        1,
        0,
        null,
        0,
        0,
        0,
        null,
        null,
        null,
        null,
        null,
        1,
        0,
        null,
        0,
        0,
        0,
        null,
        null,
        null,
        null,
        null,
        1,
        0,
        null,
        0,
        0,
        0,
        null,
        null,
        null,
        null,
        1,
        0,
        null,
        null,
        null,
        null,
        1,
        null,
        0,
        null,
        0,
        0,
        0,
        0,
        null,
        0,
        0,
        null,
        null,
        null,
        null,
        null,
        null,
        1,
        0,
        null,
        0,
        0,
        0,
        0,
        null,
        0,
        0,
        null,
        null,
        null,
        null,
        null,
        null,
        1,
        0,
        0,
        null,
        0,
        0,
        0,
        null,
        null,
        null
      ],
      "/Users/harveyenrile/projects/treebook/app/models/status.rb": [
        1,
        1,
        1,
        null,
        null
      ]
    },
    "timestamp": 1373366557
  }
}
